2026-02-05 02:40:13,448 [INFO] guapotrajes: Usuario SUPER_ADMIN 'DesarrolloGuapo' ya existe
2026-02-05 02:41:10,233 [INFO] guapotrajes: Usuario SUPER_ADMIN 'DesarrolloGuapo' ya existe
2026-02-06 11:30:05,276 [WARNING] guapotrajes: No hay sucursales disponibles; no se pudo crear usuario SUPER_ADMIN inicial.
2026-02-06 11:31:00,771 [WARNING] guapotrajes: No hay sucursales disponibles; no se pudo crear usuario SUPER_ADMIN inicial.
2026-02-06 11:31:02,345 [INFO] httpx: HTTP Request: POST http://testserver/auth/login "HTTP/1.1 404 Not Found"
2026-02-06 11:32:10,740 [INFO] guapotrajes: Usuario SUPER_ADMIN inicial creado
2026-02-06 11:32:38,375 [WARNING] guapotrajes: No hay sucursales disponibles; no se pudo crear usuario SUPER_ADMIN inicial.
2026-02-06 11:32:39,548 [INFO] guapotrajes: Usuario autenticado correctamente
2026-02-06 11:32:39,556 [INFO] httpx: HTTP Request: POST http://testserver/auth/login "HTTP/1.1 200 OK"
2026-02-06 11:32:39,567 [INFO] httpx: HTTP Request: POST http://testserver/ventas/register "HTTP/1.1 201 Created"
2026-02-06 11:33:49,894 [WARNING] guapotrajes: No hay sucursales disponibles; no se pudo crear usuario SUPER_ADMIN inicial.
2026-02-06 11:33:51,067 [INFO] guapotrajes: Usuario autenticado correctamente
2026-02-06 11:33:51,071 [INFO] httpx: HTTP Request: POST http://testserver/auth/login "HTTP/1.1 200 OK"
2026-02-06 11:33:51,080 [INFO] httpx: HTTP Request: POST http://testserver/ventas/register "HTTP/1.1 201 Created"
2026-02-06 11:34:41,054 [WARNING] guapotrajes: No hay sucursales disponibles; no se pudo crear usuario SUPER_ADMIN inicial.
2026-02-06 11:34:42,215 [INFO] guapotrajes: Usuario autenticado correctamente
2026-02-06 11:34:42,219 [INFO] httpx: HTTP Request: POST http://testserver/auth/login "HTTP/1.1 200 OK"
2026-02-06 11:34:42,229 [INFO] httpx: HTTP Request: POST http://testserver/ventas/register "HTTP/1.1 201 Created"
2026-02-06 11:35:09,420 [WARNING] guapotrajes: No hay sucursales disponibles; no se pudo crear usuario SUPER_ADMIN inicial.
2026-02-06 11:35:10,562 [INFO] guapotrajes: Usuario autenticado correctamente
2026-02-06 11:35:10,566 [INFO] httpx: HTTP Request: POST http://testserver/auth/login "HTTP/1.1 200 OK"
2026-02-06 11:35:10,576 [INFO] httpx: HTTP Request: POST http://testserver/ventas/register "HTTP/1.1 201 Created"
2026-02-06 11:35:36,171 [WARNING] guapotrajes: No hay sucursales disponibles; no se pudo crear usuario SUPER_ADMIN inicial.
2026-02-06 11:35:37,365 [INFO] guapotrajes: Usuario autenticado correctamente
2026-02-06 11:35:37,369 [INFO] httpx: HTTP Request: POST http://testserver/auth/login "HTTP/1.1 200 OK"
2026-02-06 11:35:37,378 [INFO] httpx: HTTP Request: POST http://testserver/ventas/register "HTTP/1.1 201 Created"
2026-02-06 11:36:30,992 [WARNING] guapotrajes: No hay sucursales disponibles; no se pudo crear usuario SUPER_ADMIN inicial.
2026-02-06 11:36:32,163 [INFO] guapotrajes: Usuario autenticado correctamente
2026-02-06 11:36:32,167 [INFO] httpx: HTTP Request: POST http://testserver/auth/login "HTTP/1.1 200 OK"
2026-02-06 11:36:32,177 [INFO] httpx: HTTP Request: POST http://testserver/ventas/register "HTTP/1.1 201 Created"
2026-02-06 11:36:57,457 [WARNING] guapotrajes: No hay sucursales disponibles; no se pudo crear usuario SUPER_ADMIN inicial.
2026-02-06 11:36:58,774 [INFO] guapotrajes: Usuario autenticado correctamente
2026-02-06 11:36:58,780 [INFO] httpx: HTTP Request: POST http://testserver/auth/login "HTTP/1.1 200 OK"
2026-02-06 11:36:58,799 [INFO] httpx: HTTP Request: POST http://testserver/ventas/register "HTTP/1.1 201 Created"
2026-02-06 11:37:15,819 [WARNING] guapotrajes: No hay sucursales disponibles; no se pudo crear usuario SUPER_ADMIN inicial.
2026-02-06 11:37:17,077 [INFO] guapotrajes: Usuario autenticado correctamente
2026-02-06 11:37:17,081 [INFO] httpx: HTTP Request: POST http://testserver/auth/login "HTTP/1.1 200 OK"
2026-02-06 11:37:17,091 [INFO] httpx: HTTP Request: POST http://testserver/ventas/register "HTTP/1.1 201 Created"
2026-02-06 11:37:59,799 [WARNING] guapotrajes: No hay sucursales disponibles; no se pudo crear usuario SUPER_ADMIN inicial.
2026-02-06 11:38:00,921 [INFO] guapotrajes: Usuario autenticado correctamente
2026-02-06 11:38:00,925 [INFO] httpx: HTTP Request: POST http://testserver/auth/login "HTTP/1.1 200 OK"
2026-02-06 11:38:00,934 [INFO] httpx: HTTP Request: POST http://testserver/ventas/register "HTTP/1.1 201 Created"
2026-02-06 11:38:27,125 [WARNING] guapotrajes: No hay sucursales disponibles; no se pudo crear usuario SUPER_ADMIN inicial.
2026-02-06 11:38:28,261 [INFO] guapotrajes: Usuario autenticado correctamente
2026-02-06 11:38:28,265 [INFO] httpx: HTTP Request: POST http://testserver/auth/login "HTTP/1.1 200 OK"
2026-02-06 11:38:28,274 [INFO] httpx: HTTP Request: POST http://testserver/ventas/register "HTTP/1.1 201 Created"
2026-02-06 11:39:15,919 [WARNING] guapotrajes: No hay sucursales disponibles; no se pudo crear usuario SUPER_ADMIN inicial.
2026-02-06 11:39:17,114 [INFO] guapotrajes: Usuario autenticado correctamente
2026-02-06 11:39:17,117 [INFO] httpx: HTTP Request: POST http://testserver/auth/login "HTTP/1.1 200 OK"
2026-02-06 11:39:17,127 [INFO] httpx: HTTP Request: POST http://testserver/ventas/register "HTTP/1.1 201 Created"
2026-02-06 11:39:32,796 [WARNING] guapotrajes: No hay sucursales disponibles; no se pudo crear usuario SUPER_ADMIN inicial.
2026-02-06 11:39:33,940 [INFO] guapotrajes: Usuario autenticado correctamente
2026-02-06 11:39:33,944 [INFO] httpx: HTTP Request: POST http://testserver/auth/login "HTTP/1.1 200 OK"
2026-02-06 11:39:33,953 [INFO] httpx: HTTP Request: POST http://testserver/ventas/register "HTTP/1.1 201 Created"
2026-02-06 11:40:21,476 [WARNING] guapotrajes: No hay sucursales disponibles; no se pudo crear usuario SUPER_ADMIN inicial.
2026-02-06 11:40:23,069 [INFO] guapotrajes: Usuario autenticado correctamente
2026-02-06 11:40:23,073 [INFO] httpx: HTTP Request: POST http://testserver/auth/login "HTTP/1.1 200 OK"
2026-02-06 11:40:23,094 [INFO] httpx: HTTP Request: POST http://testserver/presupuestos/ "HTTP/1.1 422 Unprocessable Entity"
2026-02-06 11:41:12,464 [WARNING] guapotrajes: No hay sucursales disponibles; no se pudo crear usuario SUPER_ADMIN inicial.
2026-02-06 11:41:13,626 [INFO] guapotrajes: Usuario autenticado correctamente
2026-02-06 11:41:13,630 [INFO] httpx: HTTP Request: POST http://testserver/auth/login "HTTP/1.1 200 OK"
2026-02-06 11:41:13,637 [INFO] httpx: HTTP Request: POST http://testserver/presupuestos/ "HTTP/1.1 422 Unprocessable Entity"
2026-02-06 11:41:36,274 [WARNING] guapotrajes: No hay sucursales disponibles; no se pudo crear usuario SUPER_ADMIN inicial.
2026-02-06 11:41:37,411 [INFO] guapotrajes: Usuario autenticado correctamente
2026-02-06 11:41:37,415 [INFO] httpx: HTTP Request: POST http://testserver/auth/login "HTTP/1.1 200 OK"
2026-02-06 11:41:37,423 [INFO] httpx: HTTP Request: POST http://testserver/presupuestos/ "HTTP/1.1 422 Unprocessable Entity"
2026-02-06 11:42:18,405 [WARNING] guapotrajes: No hay sucursales disponibles; no se pudo crear usuario SUPER_ADMIN inicial.
2026-02-06 11:42:19,541 [INFO] guapotrajes: Usuario autenticado correctamente
2026-02-06 11:42:19,545 [INFO] httpx: HTTP Request: POST http://testserver/auth/login "HTTP/1.1 200 OK"
2026-02-06 11:42:19,552 [INFO] httpx: HTTP Request: POST http://testserver/presupuestos/ "HTTP/1.1 422 Unprocessable Entity"
2026-02-06 11:42:27,925 [WARNING] guapotrajes: No hay sucursales disponibles; no se pudo crear usuario SUPER_ADMIN inicial.
2026-02-06 11:42:29,073 [INFO] guapotrajes: Usuario autenticado correctamente
2026-02-06 11:42:29,077 [INFO] httpx: HTTP Request: POST http://testserver/auth/login "HTTP/1.1 200 OK"
2026-02-06 11:42:29,084 [INFO] httpx: HTTP Request: POST http://testserver/presupuestos/ "HTTP/1.1 422 Unprocessable Entity"
2026-02-06 11:42:53,223 [WARNING] guapotrajes: No hay sucursales disponibles; no se pudo crear usuario SUPER_ADMIN inicial.
2026-02-06 11:42:54,361 [INFO] guapotrajes: Usuario autenticado correctamente
2026-02-06 11:42:54,365 [INFO] httpx: HTTP Request: POST http://testserver/auth/login "HTTP/1.1 200 OK"
2026-02-06 11:42:54,372 [INFO] httpx: HTTP Request: PUT http://testserver/presupuestos/1 "HTTP/1.1 422 Unprocessable Entity"
2026-02-06 11:43:03,531 [WARNING] guapotrajes: No hay sucursales disponibles; no se pudo crear usuario SUPER_ADMIN inicial.
2026-02-06 11:43:04,677 [INFO] guapotrajes: Usuario autenticado correctamente
2026-02-06 11:43:04,681 [INFO] httpx: HTTP Request: POST http://testserver/auth/login "HTTP/1.1 200 OK"
2026-02-06 11:43:04,689 [INFO] httpx: HTTP Request: PUT http://testserver/presupuestos/1 "HTTP/1.1 422 Unprocessable Entity"
2026-02-06 11:43:22,500 [WARNING] guapotrajes: No hay sucursales disponibles; no se pudo crear usuario SUPER_ADMIN inicial.
2026-02-06 11:43:23,644 [INFO] guapotrajes: Usuario autenticado correctamente
2026-02-06 11:43:23,648 [INFO] httpx: HTTP Request: POST http://testserver/auth/login "HTTP/1.1 200 OK"
2026-02-06 11:43:23,661 [INFO] httpx: HTTP Request: DELETE http://testserver/presupuestos/1 "HTTP/1.1 400 Bad Request"
2026-02-06 11:43:57,746 [WARNING] guapotrajes: No hay sucursales disponibles; no se pudo crear usuario SUPER_ADMIN inicial.
2026-02-06 11:43:58,904 [INFO] guapotrajes: Usuario autenticado correctamente
2026-02-06 11:43:58,909 [INFO] httpx: HTTP Request: POST http://testserver/auth/login "HTTP/1.1 200 OK"
2026-02-06 11:43:58,932 [INFO] httpx: HTTP Request: POST http://testserver/ordenes/ "HTTP/1.1 404 Not Found"
2026-02-06 11:44:49,178 [WARNING] guapotrajes: No hay sucursales disponibles; no se pudo crear usuario SUPER_ADMIN inicial.
2026-02-06 11:44:50,324 [INFO] guapotrajes: Usuario autenticado correctamente
2026-02-06 11:44:50,328 [INFO] httpx: HTTP Request: POST http://testserver/auth/login "HTTP/1.1 200 OK"
2026-02-06 11:44:50,339 [INFO] httpx: HTTP Request: POST http://testserver/ordenes/ "HTTP/1.1 404 Not Found"
2026-02-06 11:45:02,787 [WARNING] guapotrajes: No hay sucursales disponibles; no se pudo crear usuario SUPER_ADMIN inicial.
2026-02-06 11:45:03,928 [INFO] guapotrajes: Usuario autenticado correctamente
2026-02-06 11:45:03,932 [INFO] httpx: HTTP Request: POST http://testserver/auth/login "HTTP/1.1 200 OK"
2026-02-06 11:45:03,942 [INFO] httpx: HTTP Request: POST http://testserver/ordenes/ "HTTP/1.1 404 Not Found"
2026-02-06 11:46:46,776 [WARNING] guapotrajes: No hay sucursales disponibles; no se pudo crear usuario SUPER_ADMIN inicial.
2026-02-06 11:46:47,926 [INFO] guapotrajes: Usuario autenticado correctamente
2026-02-06 11:46:47,930 [INFO] httpx: HTTP Request: POST http://testserver/auth/login "HTTP/1.1 200 OK"
2026-02-06 11:46:47,941 [INFO] httpx: HTTP Request: POST http://testserver/ordenes/ "HTTP/1.1 404 Not Found"
2026-02-06 11:46:59,616 [WARNING] guapotrajes: No hay sucursales disponibles; no se pudo crear usuario SUPER_ADMIN inicial.
2026-02-06 11:47:00,762 [INFO] guapotrajes: Usuario autenticado correctamente
2026-02-06 11:47:00,766 [INFO] httpx: HTTP Request: POST http://testserver/auth/login "HTTP/1.1 200 OK"
2026-02-06 11:47:00,776 [INFO] httpx: HTTP Request: POST http://testserver/ordenes/ "HTTP/1.1 404 Not Found"
2026-02-06 11:47:45,688 [WARNING] guapotrajes: No hay sucursales disponibles; no se pudo crear usuario SUPER_ADMIN inicial.
2026-02-06 11:47:46,837 [INFO] guapotrajes: Usuario autenticado correctamente
2026-02-06 11:47:46,841 [INFO] httpx: HTTP Request: POST http://testserver/auth/login "HTTP/1.1 200 OK"
2026-02-06 11:47:46,850 [INFO] httpx: HTTP Request: POST http://testserver/ordenes/1/pagar-saldo "HTTP/1.1 400 Bad Request"
2026-02-06 11:48:17,609 [WARNING] guapotrajes: No hay sucursales disponibles; no se pudo crear usuario SUPER_ADMIN inicial.
2026-02-06 11:48:18,753 [INFO] guapotrajes: Usuario autenticado correctamente
2026-02-06 11:48:18,757 [INFO] httpx: HTTP Request: POST http://testserver/auth/login "HTTP/1.1 200 OK"
2026-02-06 11:48:18,766 [INFO] httpx: HTTP Request: POST http://testserver/ordenes/1/pagar-saldo "HTTP/1.1 400 Bad Request"
2026-02-06 11:48:42,876 [WARNING] guapotrajes: No hay sucursales disponibles; no se pudo crear usuario SUPER_ADMIN inicial.
2026-02-06 11:48:44,085 [INFO] guapotrajes: Usuario autenticado correctamente
2026-02-06 11:48:44,089 [INFO] httpx: HTTP Request: POST http://testserver/auth/login "HTTP/1.1 200 OK"
2026-02-06 11:48:44,099 [INFO] httpx: HTTP Request: POST http://testserver/ordenes/1/pagar-saldo "HTTP/1.1 404 Not Found"
2026-02-06 11:48:58,838 [WARNING] guapotrajes: No hay sucursales disponibles; no se pudo crear usuario SUPER_ADMIN inicial.
2026-02-06 11:49:00,034 [INFO] guapotrajes: Usuario autenticado correctamente
2026-02-06 11:49:00,039 [INFO] httpx: HTTP Request: POST http://testserver/auth/login "HTTP/1.1 200 OK"
2026-02-06 11:49:00,049 [INFO] httpx: HTTP Request: POST http://testserver/ordenes/1/pagar-saldo "HTTP/1.1 404 Not Found"
2026-02-06 11:49:27,095 [WARNING] guapotrajes: No hay sucursales disponibles; no se pudo crear usuario SUPER_ADMIN inicial.
2026-02-06 11:49:28,263 [INFO] guapotrajes: Usuario autenticado correctamente
2026-02-06 11:49:28,266 [INFO] httpx: HTTP Request: POST http://testserver/auth/login "HTTP/1.1 200 OK"
2026-02-06 11:49:28,274 [INFO] httpx: HTTP Request: POST http://testserver/caja_concentradora/retiro "HTTP/1.1 400 Bad Request"
2026-02-06 11:49:33,022 [WARNING] guapotrajes: No hay sucursales disponibles; no se pudo crear usuario SUPER_ADMIN inicial.
2026-02-06 11:49:34,191 [INFO] guapotrajes: Usuario autenticado correctamente
2026-02-06 11:49:34,195 [INFO] httpx: HTTP Request: POST http://testserver/auth/login "HTTP/1.1 200 OK"
2026-02-06 11:49:34,202 [INFO] httpx: HTTP Request: PUT http://testserver/caja_concentradora/movimientos/1 "HTTP/1.1 404 Not Found"
2026-02-06 11:49:51,111 [WARNING] guapotrajes: No hay sucursales disponibles; no se pudo crear usuario SUPER_ADMIN inicial.
2026-02-06 11:49:52,279 [INFO] guapotrajes: Usuario autenticado correctamente
2026-02-06 11:49:52,283 [INFO] httpx: HTTP Request: POST http://testserver/auth/login "HTTP/1.1 200 OK"
2026-02-06 11:49:52,289 [INFO] httpx: HTTP Request: PUT http://testserver/caja_concentradora/movimientos/1 "HTTP/1.1 404 Not Found"
2026-02-06 11:50:21,690 [WARNING] guapotrajes: No hay sucursales disponibles; no se pudo crear usuario SUPER_ADMIN inicial.
2026-02-06 11:50:22,874 [INFO] guapotrajes: Usuario autenticado correctamente
2026-02-06 11:50:22,878 [INFO] httpx: HTTP Request: POST http://testserver/auth/login "HTTP/1.1 200 OK"
2026-02-06 11:50:22,884 [INFO] httpx: HTTP Request: GET http://testserver/modistas/all "HTTP/1.1 404 Not Found"
2026-02-06 11:50:23,811 [INFO] guapotrajes: Usuario autenticado correctamente
2026-02-06 11:50:23,812 [INFO] httpx: HTTP Request: POST http://testserver/auth/login "HTTP/1.1 200 OK"
2026-02-06 11:50:23,818 [INFO] httpx: HTTP Request: GET http://testserver/lavanderia/all "HTTP/1.1 404 Not Found"
2026-02-06 11:50:24,750 [INFO] guapotrajes: Usuario autenticado correctamente
2026-02-06 11:50:24,751 [INFO] httpx: HTTP Request: POST http://testserver/auth/login "HTTP/1.1 200 OK"
2026-02-06 11:50:24,756 [INFO] httpx: HTTP Request: GET http://testserver/eventos/all "HTTP/1.1 404 Not Found"
2026-03-05 01:17:17,963 [INFO] guapotrajes: Usuario SUPER_ADMIN 'DesarrolloGuapo' ya existe
2026-03-05 01:29:56,733 [INFO] guapotrajes: Usuario SUPER_ADMIN 'DesarrolloGuapo' ya existe
2026-03-05 01:30:22,555 [INFO] guapotrajes: Usuario SUPER_ADMIN 'DesarrolloGuapo' ya existe
2026-03-05 01:30:34,391 [INFO] guapotrajes: Usuario SUPER_ADMIN 'DesarrolloGuapo' ya existe
2026-03-05 01:31:14,888 [INFO] guapotrajes: Usuario SUPER_ADMIN 'DesarrolloGuapo' ya existe
2026-03-05 01:31:26,690 [INFO] guapotrajes: Usuario SUPER_ADMIN 'DesarrolloGuapo' ya existe
2026-03-05 01:31:38,475 [INFO] guapotrajes: Usuario SUPER_ADMIN 'DesarrolloGuapo' ya existe
2026-03-05 01:31:50,738 [INFO] guapotrajes: Usuario SUPER_ADMIN 'DesarrolloGuapo' ya existe
2026-03-05 01:32:17,926 [INFO] guapotrajes: Usuario SUPER_ADMIN 'DesarrolloGuapo' ya existe
2026-03-05 01:32:40,628 [INFO] guapotrajes: Usuario SUPER_ADMIN 'DesarrolloGuapo' ya existe
2026-03-05 01:32:52,189 [INFO] guapotrajes: Usuario SUPER_ADMIN 'DesarrolloGuapo' ya existe
2026-03-05 01:33:04,088 [INFO] guapotrajes: Usuario SUPER_ADMIN 'DesarrolloGuapo' ya existe
2026-03-05 01:36:19,000 [INFO] guapotrajes: Usuario SUPER_ADMIN 'DesarrolloGuapo' ya existe
2026-03-05 01:36:30,548 [INFO] guapotrajes: Usuario SUPER_ADMIN 'DesarrolloGuapo' ya existe
2026-03-05 01:36:42,030 [INFO] guapotrajes: Usuario SUPER_ADMIN 'DesarrolloGuapo' ya existe
2026-03-05 01:36:53,435 [INFO] guapotrajes: Usuario SUPER_ADMIN 'DesarrolloGuapo' ya existe
2026-03-05 01:46:17,978 [INFO] guapotrajes: Usuario SUPER_ADMIN 'DesarrolloGuapo' ya existe
2026-03-05 02:01:12,332 [INFO] guapotrajes: Usuario autenticado correctamente
2026-03-05 02:02:14,559 [INFO] guapotrajes: Usuario SUPER_ADMIN 'DesarrolloGuapo' ya existe
2026-03-05 02:02:26,237 [INFO] guapotrajes: Usuario SUPER_ADMIN 'DesarrolloGuapo' ya existe
2026-03-05 02:04:17,074 [INFO] guapotrajes: Usuario autenticado correctamente
2026-03-05 02:04:30,070 [INFO] guapotrajes: Usuario autenticado correctamente
2026-03-05 02:08:05,838 [INFO] guapotrajes: Usuario autenticado correctamente
2026-03-05 02:09:56,515 [INFO] guapotrajes: Usuario SUPER_ADMIN 'DesarrolloGuapo' ya existe
2026-03-05 02:14:57,720 [INFO] guapotrajes: Usuario autenticado correctamente
2026-03-05 02:15:41,661 [INFO] guapotrajes: Usuario SUPER_ADMIN 'DesarrolloGuapo' ya existe
2026-03-05 02:15:54,613 [INFO] guapotrajes: Usuario autenticado correctamente
2026-03-05 02:17:51,350 [INFO] guapotrajes: Usuario SUPER_ADMIN 'DesarrolloGuapo' ya existe
2026-03-05 02:19:09,659 [INFO] guapotrajes: Usuario autenticado correctamente
2026-03-05 02:22:39,989 [INFO] guapotrajes: Usuario autenticado correctamente
2026-03-05 02:28:53,377 [INFO] guapotrajes: Usuario autenticado correctamente
2026-03-05 02:34:45,567 [INFO] guapotrajes: Usuario autenticado correctamente
2026-03-05 02:53:39,430 [INFO] guapotrajes: Usuario SUPER_ADMIN 'DesarrolloGuapo' ya existe
2026-03-05 02:54:17,666 [INFO] guapotrajes: Usuario SUPER_ADMIN 'DesarrolloGuapo' ya existe
2026-03-05 02:54:30,854 [INFO] guapotrajes: Usuario SUPER_ADMIN 'DesarrolloGuapo' ya existe
2026-03-05 02:54:42,898 [INFO] guapotrajes: Usuario SUPER_ADMIN 'DesarrolloGuapo' ya existe
2026-03-05 02:55:58,224 [INFO] guapotrajes: Usuario SUPER_ADMIN 'DesarrolloGuapo' ya existe
2026-03-05 02:58:12,181 [INFO] guapotrajes: Usuario autenticado correctamente
2026-03-05 02:59:15,023 [INFO] guapotrajes: Usuario SUPER_ADMIN 'DesarrolloGuapo' ya existe
2026-03-05 02:59:27,000 [INFO] guapotrajes: Usuario SUPER_ADMIN 'DesarrolloGuapo' ya existe
2026-03-05 03:01:10,226 [INFO] guapotrajes: Usuario autenticado correctamente
2026-03-05 03:26:09,772 [INFO] guapotrajes: Usuario SUPER_ADMIN 'DesarrolloGuapo' ya existe
2026-03-05 03:29:55,607 [INFO] guapotrajes: Usuario SUPER_ADMIN 'DesarrolloGuapo' ya existe
2026-03-05 03:30:08,590 [INFO] guapotrajes: Usuario SUPER_ADMIN 'DesarrolloGuapo' ya existe
2026-03-05 03:30:28,201 [INFO] guapotrajes: Usuario SUPER_ADMIN 'DesarrolloGuapo' ya existe
2026-03-05 03:30:49,342 [INFO] guapotrajes: Usuario SUPER_ADMIN 'DesarrolloGuapo' ya existe
2026-03-05 03:31:01,804 [INFO] guapotrajes: Usuario SUPER_ADMIN 'DesarrolloGuapo' ya existe
2026-03-05 03:33:58,489 [INFO] guapotrajes: Usuario autenticado correctamente
2026-03-05 03:38:06,281 [INFO] guapotrajes: Usuario SUPER_ADMIN 'DesarrolloGuapo' ya existe
2026-03-05 03:38:08,096 [INFO] guapotrajes: Usuario autenticado correctamente
2026-03-05 03:38:44,632 [INFO] guapotrajes: Usuario autenticado correctamente
2026-03-05 03:46:31,691 [INFO] guapotrajes: Usuario autenticado correctamente
2026-03-05 03:53:02,483 [INFO] guapotrajes: Usuario autenticado correctamente
2026-03-05 04:01:22,142 [INFO] guapotrajes: Usuario SUPER_ADMIN 'DesarrolloGuapo' ya existe
2026-03-05 04:01:34,831 [INFO] guapotrajes: Usuario SUPER_ADMIN 'DesarrolloGuapo' ya existe
2026-03-05 04:03:03,123 [INFO] guapotrajes: Usuario autenticado correctamente
2026-03-05 04:05:24,282 [INFO] guapotrajes: Usuario autenticado correctamente
2026-03-05 04:09:20,692 [INFO] guapotrajes: Usuario SUPER_ADMIN 'DesarrolloGuapo' ya existe
2026-03-05 04:09:56,164 [INFO] guapotrajes: Usuario autenticado correctamente
2026-03-05 22:51:52,712 [INFO] guapotrajes: Usuario SUPER_ADMIN 'DesarrolloGuapo' ya existe
2026-03-05 22:52:02,455 [INFO] guapotrajes: Usuario autenticado correctamente
2026-03-05 23:31:20,811 [INFO] guapotrajes: Usuario autenticado correctamente
2026-03-05 23:37:08,594 [INFO] guapotrajes: Usuario SUPER_ADMIN 'DesarrolloGuapo' ya existe
2026-03-05 23:37:44,177 [INFO] guapotrajes: Usuario autenticado correctamente
2026-03-06 00:07:19,381 [INFO] guapotrajes: Migración Presupuesto.precliente aplicada correctamente
2026-03-06 00:07:26,498 [INFO] guapotrajes: Usuario SUPER_ADMIN 'DesarrolloGuapo' ya existe
2026-03-06 00:07:32,435 [INFO] guapotrajes: Columna Presupuesto.precliente verificada/creada
2026-03-06 00:07:32,661 [INFO] guapotrajes: Columna Presupuesto.cliente permitida NULL
2026-03-06 00:07:39,725 [INFO] guapotrajes: Usuario SUPER_ADMIN 'DesarrolloGuapo' ya existe
2026-03-06 00:07:51,235 [INFO] guapotrajes: Columna Presupuesto.precliente verificada/creada
2026-03-06 00:07:51,438 [INFO] guapotrajes: Columna Presupuesto.cliente permitida NULL
2026-03-06 00:07:58,406 [INFO] guapotrajes: Usuario SUPER_ADMIN 'DesarrolloGuapo' ya existe
2026-03-06 00:08:38,674 [INFO] guapotrajes: Columna Presupuesto.precliente verificada/creada
2026-03-06 00:08:38,879 [INFO] guapotrajes: Columna Presupuesto.cliente permitida NULL
2026-03-06 00:08:46,085 [INFO] guapotrajes: Usuario SUPER_ADMIN 'DesarrolloGuapo' ya existe
2026-03-06 00:09:27,579 [INFO] guapotrajes: Usuario SUPER_ADMIN 'DesarrolloGuapo' ya existe
2026-03-06 00:09:44,528 [INFO] guapotrajes: Usuario autenticado correctamente
2026-03-06 00:10:35,032 [INFO] guapotrajes: Usuario autenticado correctamente
2026-03-06 00:21:52,130 [INFO] guapotrajes: Usuario autenticado correctamente
2026-03-06 00:25:58,895 [INFO] guapotrajes: Usuario autenticado correctamente
2026-03-06 00:30:04,371 [INFO] guapotrajes: Usuario SUPER_ADMIN 'DesarrolloGuapo' ya existe
2026-03-06 00:30:09,029 [INFO] guapotrajes: Usuario autenticado correctamente
2026-03-06 00:33:54,727 [INFO] guapotrajes: Usuario autenticado correctamente
2026-03-06 00:41:45,004 [INFO] guapotrajes: Usuario SUPER_ADMIN 'DesarrolloGuapo' ya existe
2026-03-06 00:42:30,953 [INFO] guapotrajes: Usuario autenticado correctamente
2026-03-06 00:47:01,321 [INFO] guapotrajes: Usuario autenticado correctamente
2026-03-06 00:51:35,392 [INFO] guapotrajes: Usuario autenticado correctamente
2026-03-06 00:57:17,866 [INFO] guapotrajes: Usuario autenticado correctamente
2026-03-06 01:01:20,916 [INFO] guapotrajes: Usuario autenticado correctamente
2026-03-06 01:06:38,529 [INFO] guapotrajes: Usuario autenticado correctamente
2026-03-06 01:08:25,356 [INFO] guapotrajes: Usuario autenticado correctamente
2026-03-06 01:10:55,331 [INFO] guapotrajes: Usuario autenticado correctamente
2026-03-06 01:14:30,354 [INFO] guapotrajes: Usuario autenticado correctamente
2026-03-06 01:17:04,123 [INFO] guapotrajes: Usuario autenticado correctamente
2026-03-06 01:19:15,193 [INFO] guapotrajes: Usuario autenticado correctamente
2026-03-06 01:21:40,932 [INFO] guapotrajes: Usuario autenticado correctamente
2026-03-06 01:24:33,224 [INFO] guapotrajes: Usuario autenticado correctamente
2026-03-06 01:28:06,196 [INFO] guapotrajes: Usuario autenticado correctamente
2026-03-06 01:30:40,599 [INFO] guapotrajes: Usuario autenticado correctamente
2026-03-06 01:38:43,594 [INFO] guapotrajes: Usuario autenticado correctamente
2026-03-06 01:45:21,848 [INFO] guapotrajes: Usuario autenticado correctamente
2026-03-06 01:51:51,694 [INFO] guapotrajes: Usuario SUPER_ADMIN 'DesarrolloGuapo' ya existe
2026-03-06 01:52:04,438 [INFO] guapotrajes: Usuario SUPER_ADMIN 'DesarrolloGuapo' ya existe
2026-03-06 01:52:19,459 [INFO] guapotrajes: Usuario SUPER_ADMIN 'DesarrolloGuapo' ya existe
2026-03-06 01:53:39,002 [INFO] guapotrajes: Usuario autenticado correctamente
2026-03-06 02:06:23,041 [INFO] guapotrajes: Usuario autenticado correctamente
2026-03-06 02:09:41,949 [INFO] guapotrajes: Usuario autenticado correctamente
2026-03-06 02:18:22,317 [INFO] guapotrajes: Usuario autenticado correctamente
2026-03-06 02:22:53,652 [INFO] guapotrajes: Usuario autenticado correctamente
2026-03-06 02:25:24,222 [INFO] guapotrajes: Usuario autenticado correctamente
2026-03-06 02:34:05,473 [INFO] guapotrajes: Usuario autenticado correctamente
2026-03-06 15:31:50,499 [INFO] guapotrajes: Usuario SUPER_ADMIN 'DesarrolloGuapo' ya existe
2026-03-06 15:32:01,737 [INFO] guapotrajes: Usuario autenticado correctamente
2026-03-06 16:32:36,813 [INFO] guapotrajes: Usuario autenticado correctamente
2026-03-06 16:36:52,369 [INFO] guapotrajes: Usuario SUPER_ADMIN 'DesarrolloGuapo' ya existe
2026-03-06 16:37:05,282 [INFO] guapotrajes: Usuario SUPER_ADMIN 'DesarrolloGuapo' ya existe
2026-03-06 16:40:05,057 [INFO] guapotrajes: Usuario autenticado correctamente
2026-03-06 16:44:30,689 [INFO] guapotrajes: Usuario SUPER_ADMIN 'DesarrolloGuapo' ya existe
2026-03-06 16:44:43,521 [INFO] guapotrajes: Usuario SUPER_ADMIN 'DesarrolloGuapo' ya existe
2026-03-06 16:44:56,465 [INFO] guapotrajes: Usuario SUPER_ADMIN 'DesarrolloGuapo' ya existe
2026-03-06 16:45:09,396 [INFO] guapotrajes: Usuario SUPER_ADMIN 'DesarrolloGuapo' ya existe
2026-03-06 16:45:21,538 [INFO] guapotrajes: Usuario SUPER_ADMIN 'DesarrolloGuapo' ya existe
2026-03-06 16:47:32,401 [INFO] guapotrajes: Usuario SUPER_ADMIN 'DesarrolloGuapo' ya existe
2026-03-06 16:48:31,162 [INFO] guapotrajes: Usuario autenticado correctamente
2026-03-06 17:09:10,453 [INFO] guapotrajes: Usuario SUPER_ADMIN 'DesarrolloGuapo' ya existe
2026-03-06 17:09:30,520 [INFO] guapotrajes: Usuario SUPER_ADMIN 'DesarrolloGuapo' ya existe
2026-03-06 17:09:42,675 [INFO] guapotrajes: Usuario SUPER_ADMIN 'DesarrolloGuapo' ya existe
2026-03-06 17:09:54,912 [INFO] guapotrajes: Usuario SUPER_ADMIN 'DesarrolloGuapo' ya existe
2026-03-06 17:10:06,951 [INFO] guapotrajes: Usuario SUPER_ADMIN 'DesarrolloGuapo' ya existe
2026-03-06 17:10:19,417 [INFO] guapotrajes: Usuario SUPER_ADMIN 'DesarrolloGuapo' ya existe
2026-03-06 17:11:54,747 [INFO] guapotrajes: Usuario autenticado correctamente
2026-03-06 17:14:03,215 [INFO] guapotrajes: Usuario autenticado correctamente
2026-03-06 17:14:39,275 [INFO] guapotrajes: Usuario autenticado correctamente
2026-03-06 17:17:15,126 [INFO] guapotrajes: Usuario autenticado correctamente
2026-03-06 17:19:55,233 [INFO] guapotrajes: Usuario SUPER_ADMIN 'DesarrolloGuapo' ya existe
2026-03-06 17:20:45,091 [INFO] guapotrajes: Usuario SUPER_ADMIN 'DesarrolloGuapo' ya existe
2026-03-06 17:20:59,635 [INFO] guapotrajes: Usuario autenticado correctamente
2026-03-06 17:22:45,971 [WARNING] src.migrations: Error en migraciones (continuando): name '_ensure_contrato_generado_at_column' is not defined
2026-03-06 17:22:53,082 [INFO] guapotrajes: Usuario SUPER_ADMIN 'DesarrolloGuapo' ya existe
2026-03-06 17:22:58,228 [INFO] src.migrations: Columna contrato_generado_at aplicada en tabla OrdenesTrabajo
2026-03-06 17:23:07,243 [INFO] guapotrajes: Usuario SUPER_ADMIN 'DesarrolloGuapo' ya existe
2026-03-06 17:23:14,631 [WARNING] src.migrations: Error en migraciones (continuando): name '_ensure_contrato_generado_at_column' is not defined
2026-03-06 17:23:22,172 [INFO] guapotrajes: Usuario SUPER_ADMIN 'DesarrolloGuapo' ya existe
2026-03-06 17:23:26,452 [INFO] src.migrations: Columna contrato_generado_at OK en OrdenesTrabajo
2026-03-06 17:23:35,424 [INFO] guapotrajes: Usuario SUPER_ADMIN 'DesarrolloGuapo' ya existe
2026-03-06 17:23:48,769 [INFO] src.migrations: Columna contrato_generado_at OK en OrdenesTrabajo
2026-03-06 17:23:48,881 [INFO] guapotrajes: Usuario SUPER_ADMIN 'DesarrolloGuapo' ya existe
2026-03-06 17:24:02,122 [INFO] src.migrations: Columna contrato_generado_at OK en tabla 'OrdenesTrabajo'
2026-03-06 17:24:02,229 [INFO] guapotrajes: Usuario SUPER_ADMIN 'DesarrolloGuapo' ya existe
2026-03-06 17:25:37,435 [INFO] src.migrations: Columna contrato_generado_at OK en tabla 'OrdenesTrabajo'
2026-03-06 17:25:37,538 [INFO] guapotrajes: Usuario SUPER_ADMIN 'DesarrolloGuapo' ya existe
2026-03-06 17:26:00,561 [INFO] guapotrajes: Usuario autenticado correctamente
2026-03-06 17:29:08,430 [INFO] src.migrations: Columna contrato_generado_at OK en tabla 'OrdenesTrabajo'
2026-03-06 17:29:08,541 [INFO] guapotrajes: Usuario SUPER_ADMIN 'DesarrolloGuapo' ya existe
2026-03-06 17:29:31,914 [INFO] src.migrations: Columna contrato_generado_at OK en tabla 'OrdenesTrabajo'
2026-03-06 17:29:32,023 [INFO] guapotrajes: Usuario SUPER_ADMIN 'DesarrolloGuapo' ya existe
2026-03-06 17:29:45,075 [INFO] src.migrations: Columna contrato_generado_at OK en tabla 'OrdenesTrabajo'
2026-03-06 17:29:45,182 [INFO] guapotrajes: Usuario SUPER_ADMIN 'DesarrolloGuapo' ya existe
2026-03-06 17:29:46,582 [INFO] guapotrajes: Usuario autenticado correctamente
2026-03-06 17:31:12,609 [INFO] src.migrations: Columna contrato_generado_at OK en tabla 'OrdenesTrabajo'
2026-03-06 17:31:12,721 [INFO] guapotrajes: Usuario SUPER_ADMIN 'DesarrolloGuapo' ya existe
2026-03-06 17:31:25,824 [INFO] src.migrations: Columna contrato_generado_at OK en tabla 'OrdenesTrabajo'
2026-03-06 17:31:25,929 [INFO] guapotrajes: Usuario SUPER_ADMIN 'DesarrolloGuapo' ya existe
2026-03-06 17:42:31,530 [INFO] src.migrations: Columna contrato_generado_at OK en tabla 'OrdenesTrabajo'
2026-03-06 17:42:31,640 [INFO] guapotrajes: Usuario SUPER_ADMIN 'DesarrolloGuapo' ya existe
2026-03-06 17:42:44,898 [INFO] src.migrations: Columna contrato_generado_at OK en tabla 'OrdenesTrabajo'
2026-03-06 17:42:45,007 [INFO] guapotrajes: Usuario SUPER_ADMIN 'DesarrolloGuapo' ya existe
2026-03-06 17:42:58,189 [INFO] src.migrations: Columna contrato_generado_at OK en tabla 'OrdenesTrabajo'
2026-03-06 17:42:58,296 [INFO] guapotrajes: Usuario SUPER_ADMIN 'DesarrolloGuapo' ya existe
2026-03-06 17:43:13,997 [INFO] src.migrations: Columna contrato_generado_at OK en tabla 'OrdenesTrabajo'
2026-03-06 17:43:14,111 [INFO] guapotrajes: Usuario SUPER_ADMIN 'DesarrolloGuapo' ya existe
2026-03-06 17:43:26,432 [INFO] src.migrations: Columna contrato_generado_at OK en tabla 'OrdenesTrabajo'
2026-03-06 17:43:26,542 [INFO] guapotrajes: Usuario SUPER_ADMIN 'DesarrolloGuapo' ya existe
2026-03-06 17:43:43,882 [INFO] src.migrations: Columna contrato_generado_at OK en tabla 'OrdenesTrabajo'
2026-03-06 17:43:43,983 [INFO] guapotrajes: Usuario SUPER_ADMIN 'DesarrolloGuapo' ya existe
2026-03-06 17:50:10,125 [INFO] src.migrations: Columna contrato_generado_at OK en tabla 'OrdenesTrabajo'
2026-03-06 17:50:10,236 [INFO] guapotrajes: Usuario SUPER_ADMIN 'DesarrolloGuapo' ya existe
2026-03-06 17:50:23,681 [INFO] src.migrations: Columna contrato_generado_at OK en tabla 'OrdenesTrabajo'
2026-03-06 17:50:23,789 [INFO] guapotrajes: Usuario SUPER_ADMIN 'DesarrolloGuapo' ya existe
2026-03-06 17:50:39,988 [INFO] src.migrations: Columna contrato_generado_at OK en tabla 'OrdenesTrabajo'
2026-03-06 17:50:40,092 [INFO] guapotrajes: Usuario SUPER_ADMIN 'DesarrolloGuapo' ya existe
2026-03-06 17:50:52,500 [INFO] src.migrations: Columna contrato_generado_at OK en tabla 'OrdenesTrabajo'
2026-03-06 17:50:52,608 [INFO] guapotrajes: Usuario SUPER_ADMIN 'DesarrolloGuapo' ya existe
2026-03-06 17:55:55,653 [INFO] src.migrations: Columna contrato_generado_at OK en tabla 'OrdenesTrabajo'
2026-03-06 17:55:55,761 [INFO] guapotrajes: Usuario SUPER_ADMIN 'DesarrolloGuapo' ya existe
2026-03-06 17:56:12,706 [INFO] guapotrajes: Usuario autenticado correctamente
2026-03-06 18:07:02,493 [INFO] src.migrations: Columna contrato_generado_at OK en tabla 'OrdenesTrabajo'
2026-03-06 18:07:02,610 [INFO] guapotrajes: Usuario SUPER_ADMIN 'DesarrolloGuapo' ya existe
2026-03-06 18:07:16,080 [INFO] src.migrations: Columna contrato_generado_at OK en tabla 'OrdenesTrabajo'
2026-03-06 18:07:16,193 [INFO] guapotrajes: Usuario SUPER_ADMIN 'DesarrolloGuapo' ya existe
2026-03-06 18:09:32,080 [INFO] src.migrations: Columna contrato_generado_at OK en tabla 'OrdenesTrabajo'
2026-03-06 18:09:32,193 [INFO] guapotrajes: Usuario SUPER_ADMIN 'DesarrolloGuapo' ya existe
2026-03-06 18:10:39,429 [INFO] src.migrations: Columna contrato_generado_at OK en tabla 'OrdenesTrabajo'
2026-03-06 18:10:39,539 [INFO] guapotrajes: Usuario SUPER_ADMIN 'DesarrolloGuapo' ya existe
2026-03-06 18:11:09,259 [ERROR] src.services.precliente_services: Error al convertir precliente a cliente
Traceback (most recent call last):
  File "/Users/francoayet/Desktop/GuapoTrajes-master/backend/src/services/precliente_services.py", line 127, in convertir_a_cliente
    for presupuesto in models.Presupuesto.select(lambda p: p.precliente == precliente):
                       ~~~~~~~~~~~~~~~~~~~~~~~~~^^^^^^^^^^^^^^^^^^^^^^^^^^^^^^^^^^^^^^
  File "/Library/Frameworks/Python.framework/Versions/3.13/lib/python3.13/site-packages/pony/orm/core.py", line 4027, in select
    if args: query = entity._query_from_args_(args, kwargs, frame_depth=cut_traceback_depth+1)
                     ~~~~~~~~~~~~~~~~~~~~~~~~^^^^^^^^^^^^^^^^^^^^^^^^^^^^^^^^^^^^^^^^^^^^^^^^^
  File "/Library/Frameworks/Python.framework/Versions/3.13/lib/python3.13/site-packages/pony/orm/core.py", line 4401, in _query_from_args_
    return Query(code_key, inner_expr, globals, locals, cells)
  File "/Library/Frameworks/Python.framework/Versions/3.13/lib/python3.13/site-packages/pony/orm/core.py", line 5717, in __init__
    translator = translator_cls(tree_copy, None, code_key, filter_num, extractors, vars, vartypes.copy(), left_join=left_join)
  File "/Library/Frameworks/Python.framework/Versions/3.13/lib/python3.13/site-packages/pony/orm/sqltranslation.py", line 242, in __init__
    translator.init(tree, parent_translator, code_key, filter_num, extractors, vars, vartypes, left_join, optimize)
    ~~~~~~~~~~~~~~~^^^^^^^^^^^^^^^^^^^^^^^^^^^^^^^^^^^^^^^^^^^^^^^^^^^^^^^^^^^^^^^^^^^^^^^^^^^^^^^^^^^^^^^^^^^^^^^^
  File "/Library/Frameworks/Python.framework/Versions/3.13/lib/python3.13/site-packages/pony/orm/sqltranslation.py", line 429, in init
    translator.dispatch(if_)
    ~~~~~~~~~~~~~~~~~~~^^^^^
  File "/Library/Frameworks/Python.framework/Versions/3.13/lib/python3.13/site-packages/pony/orm/sqltranslation.py", line 107, in dispatch
    return ASTTranslator.dispatch(translator, node)  # default route
           ~~~~~~~~~~~~~~~~~~~~~~^^^^^^^^^^^^^^^^^^
  File "/Library/Frameworks/Python.framework/Versions/3.13/lib/python3.13/site-packages/pony/orm/asttranslation.py", line 36, in dispatch
    stop = translator.call(pre_method, node)
  File "/Library/Frameworks/Python.framework/Versions/3.13/lib/python3.13/site-packages/pony/orm/sqltranslation.py", line 195, in call
    reraise(exc_class, exc, tb)
    ~~~~~~~^^^^^^^^^^^^^^^^^^^^
  File "/Library/Frameworks/Python.framework/Versions/3.13/lib/python3.13/site-packages/pony/utils/utils.py", line 88, in reraise
    try: raise exc.with_traceback(tb)
         ^^^^^^^^^^^^^^^^^^^^^^^^^^^^
  File "/Library/Frameworks/Python.framework/Versions/3.13/lib/python3.13/site-packages/pony/orm/sqltranslation.py", line 184, in call
    monad = method(translator, node)
  File "/Library/Frameworks/Python.framework/Versions/3.13/lib/python3.13/site-packages/pony/orm/sqltranslation.py", line 980, in preCompare
    monad = left.monad.cmp(op, right.monad)
  File "/Library/Frameworks/Python.framework/Versions/3.13/lib/python3.13/site-packages/pony/orm/sqltranslation.py", line 1453, in wrapper
    return method(monad, *args, **kwargs)
  File "/Library/Frameworks/Python.framework/Versions/3.13/lib/python3.13/site-packages/pony/orm/sqltranslation.py", line 1481, in cmp
    return CmpMonad(op, monad, monad2)
  File "/Library/Frameworks/Python.framework/Versions/3.13/lib/python3.13/site-packages/pony/orm/sqltranslation.py", line 2568, in __init__
    check_comparable(left, right, op)
    ~~~~~~~~~~~~~~~~^^^^^^^^^^^^^^^^^
  File "/Library/Frameworks/Python.framework/Versions/3.13/lib/python3.13/site-packages/pony/orm/sqltranslation.py", line 32, in check_comparable
    throw(IncomparableTypesError, t1, t2)
    ~~~~~^^^^^^^^^^^^^^^^^^^^^^^^^^^^^^^^
  File "/Library/Frameworks/Python.framework/Versions/3.13/lib/python3.13/site-packages/pony/utils/utils.py", line 99, in throw
    raise exc
pony.orm.sqltranslation.IncomparableTypesError: Incomparable types 'Precliente' and 'Precliente' in expression: p.precliente > precliente
2026-03-06 18:11:43,097 [INFO] src.migrations: Columna contrato_generado_at OK en tabla 'OrdenesTrabajo'
2026-03-06 18:11:43,209 [INFO] guapotrajes: Usuario SUPER_ADMIN 'DesarrolloGuapo' ya existe
2026-03-06 18:11:53,719 [ERROR] src.services.precliente_services: Error al convertir precliente a cliente
Traceback (most recent call last):
  File "/Users/francoayet/Desktop/GuapoTrajes-master/backend/src/services/precliente_services.py", line 127, in convertir_a_cliente
    for presupuesto in models.Presupuesto.select(lambda p: p.precliente is not None and p.precliente.id == precliente_id):
                       ~~~~~~~~~~~~~~~~~~~~~~~~~^^^^^^^^^^^^^^^^^^^^^^^^^^^^^^^^^^^^^^^^^^^^^^^^^^^^^^^^^^^^^^^^^^^^^^^^^
  File "/Library/Frameworks/Python.framework/Versions/3.13/lib/python3.13/site-packages/pony/orm/core.py", line 4027, in select
    if args: query = entity._query_from_args_(args, kwargs, frame_depth=cut_traceback_depth+1)
                     ~~~~~~~~~~~~~~~~~~~~~~~~^^^^^^^^^^^^^^^^^^^^^^^^^^^^^^^^^^^^^^^^^^^^^^^^^
  File "/Library/Frameworks/Python.framework/Versions/3.13/lib/python3.13/site-packages/pony/orm/core.py", line 4379, in _query_from_args_
    cond_expr, external_names, cells = decompile(func)
                                       ~~~~~~~~~^^^^^^
  File "/Library/Frameworks/Python.framework/Versions/3.13/lib/python3.13/site-packages/pony/orm/decompiling.py", line 43, in decompile
    decompiler = Decompiler(codeobject)
  File "/Library/Frameworks/Python.framework/Versions/3.13/lib/python3.13/site-packages/pony/orm/decompiling.py", line 162, in __init__
    decompiler.decompile()
    ~~~~~~~~~~~~~~~~~~~~^^
  File "/Library/Frameworks/Python.framework/Versions/3.13/lib/python3.13/site-packages/pony/orm/decompiling.py", line 313, in decompile
    throw(DecompileError('Unsupported operation: %s' % opname))
    ~~~~~^^^^^^^^^^^^^^^^^^^^^^^^^^^^^^^^^^^^^^^^^^^^^^^^^^^^^^
  File "/Library/Frameworks/Python.framework/Versions/3.13/lib/python3.13/site-packages/pony/utils/utils.py", line 99, in throw
    raise exc
pony.orm.decompiling.DecompileError: Unsupported operation: TO_BOOL
2026-03-06 18:12:32,968 [INFO] src.migrations: Columna contrato_generado_at OK en tabla 'OrdenesTrabajo'
2026-03-06 18:12:33,073 [INFO] guapotrajes: Usuario SUPER_ADMIN 'DesarrolloGuapo' ya existe
2026-03-06 18:12:47,141 [INFO] src.migrations: Columna contrato_generado_at OK en tabla 'OrdenesTrabajo'
2026-03-06 18:12:47,253 [INFO] guapotrajes: Usuario SUPER_ADMIN 'DesarrolloGuapo' ya existe
2026-03-06 18:17:35,095 [INFO] src.migrations: Columna contrato_generado_at OK en tabla 'OrdenesTrabajo'
2026-03-06 18:17:35,198 [INFO] guapotrajes: Usuario SUPER_ADMIN 'DesarrolloGuapo' ya existe
2026-03-06 18:17:47,506 [INFO] src.migrations: Columna contrato_generado_at OK en tabla 'OrdenesTrabajo'
2026-03-06 18:17:47,610 [INFO] guapotrajes: Usuario SUPER_ADMIN 'DesarrolloGuapo' ya existe
2026-03-06 18:20:10,185 [ERROR] src.services.precliente_services: Error al convertir precliente a cliente
Traceback (most recent call last):
  File "/Users/francoayet/Desktop/GuapoTrajes-master/backend/src/services/precliente_services.py", line 122, in convertir_a_cliente
    if list(models.Cliente.select(lambda c: str(c.dni or "").strip() == dni)):
            ~~~~~~~~~~~~~~~~~~~~~^^^^^^^^^^^^^^^^^^^^^^^^^^^^^^^^^^^^^^^^^^^
  File "/Library/Frameworks/Python.framework/Versions/3.13/lib/python3.13/site-packages/pony/orm/core.py", line 4027, in select
    if args: query = entity._query_from_args_(args, kwargs, frame_depth=cut_traceback_depth+1)
                     ~~~~~~~~~~~~~~~~~~~~~~~~^^^^^^^^^^^^^^^^^^^^^^^^^^^^^^^^^^^^^^^^^^^^^^^^^
  File "/Library/Frameworks/Python.framework/Versions/3.13/lib/python3.13/site-packages/pony/orm/core.py", line 4379, in _query_from_args_
    cond_expr, external_names, cells = decompile(func)
                                       ~~~~~~~~~^^^^^^
  File "/Library/Frameworks/Python.framework/Versions/3.13/lib/python3.13/site-packages/pony/orm/decompiling.py", line 43, in decompile
    decompiler = Decompiler(codeobject)
  File "/Library/Frameworks/Python.framework/Versions/3.13/lib/python3.13/site-packages/pony/orm/decompiling.py", line 162, in __init__
    decompiler.decompile()
    ~~~~~~~~~~~~~~~~~~~~^^
  File "/Library/Frameworks/Python.framework/Versions/3.13/lib/python3.13/site-packages/pony/orm/decompiling.py", line 313, in decompile
    throw(DecompileError('Unsupported operation: %s' % opname))
    ~~~~~^^^^^^^^^^^^^^^^^^^^^^^^^^^^^^^^^^^^^^^^^^^^^^^^^^^^^^
  File "/Library/Frameworks/Python.framework/Versions/3.13/lib/python3.13/site-packages/pony/utils/utils.py", line 99, in throw
    raise exc
pony.orm.decompiling.DecompileError: Unsupported operation: TO_BOOL
2026-03-06 18:20:58,388 [INFO] src.migrations: Columna contrato_generado_at OK en tabla 'OrdenesTrabajo'
2026-03-06 18:20:58,498 [INFO] guapotrajes: Usuario SUPER_ADMIN 'DesarrolloGuapo' ya existe
2026-03-08 18:23:20,212 [INFO] src.migrations: Columna contrato_generado_at OK en tabla 'OrdenesTrabajo'
2026-03-08 18:23:20,339 [INFO] guapotrajes: Usuario SUPER_ADMIN 'DesarrolloGuapo' ya existe
2026-03-08 18:23:23,460 [INFO] guapotrajes: Usuario autenticado correctamente
2026-03-08 18:27:44,038 [INFO] guapotrajes: Usuario autenticado correctamente
2026-03-08 18:38:02,108 [INFO] src.migrations: Columna contrato_generado_at OK en tabla 'OrdenesTrabajo'
2026-03-08 18:38:02,216 [INFO] guapotrajes: Usuario SUPER_ADMIN 'DesarrolloGuapo' ya existe
2026-03-08 18:38:14,668 [INFO] src.migrations: Columna contrato_generado_at OK en tabla 'OrdenesTrabajo'
2026-03-08 18:38:14,773 [INFO] guapotrajes: Usuario SUPER_ADMIN 'DesarrolloGuapo' ya existe
2026-03-08 18:40:53,926 [INFO] guapotrajes: Usuario autenticado correctamente
2026-03-08 18:42:47,006 [INFO] src.migrations: Columna contrato_generado_at OK en tabla 'OrdenesTrabajo'
2026-03-08 18:42:47,114 [INFO] guapotrajes: Usuario SUPER_ADMIN 'DesarrolloGuapo' ya existe
2026-03-08 18:43:13,183 [INFO] src.migrations: Columna contrato_generado_at OK en tabla 'OrdenesTrabajo'
2026-03-08 18:43:13,294 [INFO] guapotrajes: Usuario SUPER_ADMIN 'DesarrolloGuapo' ya existe
2026-03-08 18:43:13,857 [INFO] guapotrajes: Usuario autenticado correctamente
2026-03-08 18:43:14,193 [INFO] guapotrajes: Usuario autenticado correctamente
2026-03-08 18:47:25,808 [INFO] src.migrations: Columna contrato_generado_at OK en tabla 'OrdenesTrabajo'
2026-03-08 18:47:25,915 [INFO] guapotrajes: Usuario SUPER_ADMIN 'DesarrolloGuapo' ya existe
2026-03-08 18:47:38,428 [INFO] src.migrations: Columna contrato_generado_at OK en tabla 'OrdenesTrabajo'
2026-03-08 18:47:38,537 [INFO] guapotrajes: Usuario SUPER_ADMIN 'DesarrolloGuapo' ya existe
2026-03-08 18:47:59,821 [INFO] guapotrajes: Usuario autenticado correctamente
2026-03-08 18:49:56,558 [INFO] src.migrations: Columna contrato_generado_at OK en tabla 'OrdenesTrabajo'
2026-03-08 18:49:56,866 [INFO] guapotrajes: Usuario SUPER_ADMIN 'DesarrolloGuapo' ya existe
2026-03-08 18:57:04,967 [INFO] src.migrations: Columna contrato_generado_at OK en tabla 'OrdenesTrabajo'
2026-03-08 18:57:05,076 [INFO] guapotrajes: Usuario SUPER_ADMIN 'DesarrolloGuapo' ya existe
2026-03-08 18:57:35,854 [INFO] src.migrations: Columna contrato_generado_at OK en tabla 'OrdenesTrabajo'
2026-03-08 18:57:35,970 [INFO] guapotrajes: Usuario SUPER_ADMIN 'DesarrolloGuapo' ya existe
2026-03-08 19:00:59,344 [INFO] src.migrations: Columna contrato_generado_at OK en tabla 'OrdenesTrabajo'
2026-03-08 19:00:59,446 [INFO] guapotrajes: Usuario SUPER_ADMIN 'DesarrolloGuapo' ya existe
2026-03-08 19:01:12,028 [INFO] src.migrations: Columna contrato_generado_at OK en tabla 'OrdenesTrabajo'
2026-03-08 19:01:12,130 [INFO] guapotrajes: Usuario SUPER_ADMIN 'DesarrolloGuapo' ya existe
2026-03-08 19:01:24,868 [INFO] src.migrations: Columna contrato_generado_at OK en tabla 'OrdenesTrabajo'
2026-03-08 19:01:24,972 [INFO] guapotrajes: Usuario SUPER_ADMIN 'DesarrolloGuapo' ya existe
2026-03-08 19:01:52,620 [INFO] src.migrations: Columna contrato_generado_at OK en tabla 'OrdenesTrabajo'
2026-03-08 19:01:52,727 [INFO] guapotrajes: Usuario SUPER_ADMIN 'DesarrolloGuapo' ya existe
2026-03-08 19:02:05,576 [INFO] src.migrations: Columna contrato_generado_at OK en tabla 'OrdenesTrabajo'
2026-03-08 19:02:05,786 [INFO] src.migrations: Columna 'notas' OK en tabla 'ProductosLavanderias'
2026-03-08 19:02:05,894 [INFO] guapotrajes: Usuario SUPER_ADMIN 'DesarrolloGuapo' ya existe
2026-03-08 19:03:21,117 [INFO] src.migrations: Columna 'notas' OK en tabla 'ProductosLavanderias'
2026-03-08 19:03:21,222 [INFO] guapotrajes: Usuario SUPER_ADMIN 'DesarrolloGuapo' ya existe
2026-03-08 19:10:19,473 [INFO] guapotrajes: Usuario autenticado correctamente
2026-03-08 19:49:08,583 [INFO] guapotrajes: Usuario autenticado correctamente
